2021-05-15 16:10:18.534  INFO 15624 --- [main] lavalink.server.Launcher                 : 

[32m       .  [31m _                  _ _       _    [32m__ _ _
[32m      /\\ [31m| | __ ___   ____ _| (_)_ __ | | __[32m\ \ \ \
[32m     ( ( )[31m| |/ _` \ \ / / _` | | | '_ \| |/ /[32m \ \ \ \
[32m      \\/ [31m| | (_| |\ V / (_| | | | | | |   < [32m  ) ) ) )
[32m       '  [31m|_|\__,_| \_/ \__,_|_|_|_| |_|_|\_\[32m / / / /
[0m    =========================================[32m/_/_/_/[0m

	Version:        3.3.2.3
	Build:          1212
	Build time:     02.04.2021 17:37:35 UTC
	Branch          YouTubeBrokeStuffAgain
	Commit:         7f9925c
	Commit time:    17.02.2021 23:18:16 UTC
	JVM:            16
	Lavaplayer      1.3.75

2021-05-15 16:10:18.637  INFO 15624 --- [main] lavalink.server.Launcher                 : Starting Launcher on DESKTOP-IE5EG5Q with PID 15624 (D:\veni\python\DiscordBot\Java\Lavalink.jar started by HOME in D:\veni\python\DiscordBot\java)
2021-05-15 16:10:18.638  INFO 15624 --- [main] lavalink.server.Launcher                 : No active profile set, falling back to default profiles: default
2021-05-15 16:10:18.717  WARN 15624 --- [background-preinit] o.s.h.c.j.Jackson2ObjectMapperBuilder    : For Jackson Kotlin classes support please add "com.fasterxml.jackson.module:jackson-module-kotlin" to the classpath
2021-05-15 16:10:19.581  WARN 15624 --- [main] io.undertow.websockets.jsr               : UT026010: Buffer pool was not set on WebSocketDeploymentInfo, the default pool will be used
2021-05-15 16:10:19.619  INFO 15624 --- [main] io.undertow.servlet                      : Initializing Spring embedded WebApplicationContext
2021-05-15 16:10:19.619  INFO 15624 --- [main] o.s.web.context.ContextLoader            : Root WebApplicationContext: initialization completed in 943 ms
2021-05-15 16:10:20.089  WARN 15624 --- [main] l.server.config.SentryConfiguration      : Turning off sentry
2021-05-15 16:10:20.404  INFO 15624 --- [main] c.s.d.l.tools.GarbageCollectionMonitor   : GC monitoring enabled, reporting results every 2 minutes.
2021-05-15 16:10:20.586  INFO 15624 --- [main] lavalink.server.config.KoeConfiguration  : OS: Windows 10, Arch: amd64
2021-05-15 16:10:20.586  WARN 15624 --- [main] lavalink.server.config.KoeConfiguration  : This system and architecture appears to not support native audio sending! GC pauses may cause your bot to stutter during playback.
2021-05-15 16:10:20.762  INFO 15624 --- [main] o.s.s.concurrent.ThreadPoolTaskExecutor  : Initializing ExecutorService 'applicationTaskExecutor'
2021-05-15 16:10:20.978  INFO 15624 --- [main] org.xnio                                 : XNIO version 3.3.8.Final
2021-05-15 16:10:20.986  INFO 15624 --- [main] org.xnio.nio                             : XNIO NIO Implementation Version 3.3.8.Final
2021-05-15 16:10:21.033  INFO 15624 --- [main] o.s.b.w.e.u.UndertowServletWebServer     : Undertow started on port(s) 80 (http) with context path ''
2021-05-15 16:10:21.036  INFO 15624 --- [main] lavalink.server.Launcher                 : Started Launcher in 2.913 seconds (JVM running for 3.487)
2021-05-15 16:10:21.037  INFO 15624 --- [main] lavalink.server.Launcher                 : You can safely ignore the big red warning about illegal reflection. See https://github.com/Frederikam/Lavalink/issues/295
2021-05-15 17:17:58.596  INFO 8048 --- [main] lavalink.server.Launcher                 : 

[32m       .  [31m _                  _ _       _    [32m__ _ _
[32m      /\\ [31m| | __ ___   ____ _| (_)_ __ | | __[32m\ \ \ \
[32m     ( ( )[31m| |/ _` \ \ / / _` | | | '_ \| |/ /[32m \ \ \ \
[32m      \\/ [31m| | (_| |\ V / (_| | | | | | |   < [32m  ) ) ) )
[32m       '  [31m|_|\__,_| \_/ \__,_|_|_|_| |_|_|\_\[32m / / / /
[0m    =========================================[32m/_/_/_/[0m

	Version:        3.3.2.3
	Build:          1212
	Build time:     02.04.2021 17:37:35 UTC
	Branch          YouTubeBrokeStuffAgain
	Commit:         7f9925c
	Commit time:    17.02.2021 23:18:16 UTC
	JVM:            16
	Lavaplayer      1.3.75

2021-05-15 17:17:58.690  INFO 8048 --- [main] lavalink.server.Launcher                 : Starting Launcher on DESKTOP-IE5EG5Q with PID 8048 (D:\veni\python\DiscordBot\Java\Lavalink.jar started by HOME in D:\veni\python\DiscordBot\java)
2021-05-15 17:17:58.691  INFO 8048 --- [main] lavalink.server.Launcher                 : No active profile set, falling back to default profiles: default
2021-05-15 17:17:58.798  WARN 8048 --- [background-preinit] o.s.h.c.j.Jackson2ObjectMapperBuilder    : For Jackson Kotlin classes support please add "com.fasterxml.jackson.module:jackson-module-kotlin" to the classpath
2021-05-15 17:17:59.560  WARN 8048 --- [main] io.undertow.websockets.jsr               : UT026010: Buffer pool was not set on WebSocketDeploymentInfo, the default pool will be used
2021-05-15 17:17:59.581  INFO 8048 --- [main] io.undertow.servlet                      : Initializing Spring embedded WebApplicationContext
2021-05-15 17:17:59.581  INFO 8048 --- [main] o.s.web.context.ContextLoader            : Root WebApplicationContext: initialization completed in 854 ms
2021-05-15 17:17:59.993  WARN 8048 --- [main] l.server.config.SentryConfiguration      : Turning off sentry
2021-05-15 17:18:00.257  INFO 8048 --- [main] c.s.d.l.tools.GarbageCollectionMonitor   : GC monitoring enabled, reporting results every 2 minutes.
2021-05-15 17:18:00.423  INFO 8048 --- [main] lavalink.server.config.KoeConfiguration  : OS: Windows 10, Arch: amd64
2021-05-15 17:18:00.424  WARN 8048 --- [main] lavalink.server.config.KoeConfiguration  : This system and architecture appears to not support native audio sending! GC pauses may cause your bot to stutter during playback.
2021-05-15 17:18:00.601  INFO 8048 --- [main] o.s.s.concurrent.ThreadPoolTaskExecutor  : Initializing ExecutorService 'applicationTaskExecutor'
2021-05-15 17:18:00.806  INFO 8048 --- [main] org.xnio                                 : XNIO version 3.3.8.Final
2021-05-15 17:18:00.814  INFO 8048 --- [main] org.xnio.nio                             : XNIO NIO Implementation Version 3.3.8.Final
2021-05-15 17:18:00.862  INFO 8048 --- [main] o.s.b.w.e.u.UndertowServletWebServer     : Undertow started on port(s) 80 (http) with context path ''
2021-05-15 17:18:00.866  INFO 8048 --- [main] lavalink.server.Launcher                 : Started Launcher in 2.625 seconds (JVM running for 2.983)
2021-05-15 17:18:00.867  INFO 8048 --- [main] lavalink.server.Launcher                 : You can safely ignore the big red warning about illegal reflection. See https://github.com/Frederikam/Lavalink/issues/295
